<?xml version="1.0" encoding="UTF-8"?>
<!-- Generated by org.testng.reporters.JUnitReportReporter -->
<testsuite hostname="Thuy" failures="0" tests="9" name="selenium.com.testcases.ExportLogTest" time="223.359" errors="0" timestamp="2024-12-08T14:04:28 ICT" skipped="0">
  <testcase classname="selenium.com.testcases.ExportLogTest" name="checkBeginningAmount" time="25.161"/>
  <testcase classname="selenium.com.testcases.ExportLogTest" name="checkImportingAmount" time="25.022"/>
  <testcase classname="selenium.com.testcases.ExportLogTest" name="checkEndAmount" time="25.242"/>
  <testcase classname="selenium.com.testcases.ExportLogTest" name="checkEndQuantity" time="25.278"/>
  <testcase classname="selenium.com.testcases.ExportLogTest" name="checkInventoryBookConsistency" time="24.896"/>
  <testcase classname="selenium.com.testcases.ExportLogTest" name="testStartCalendar" time="23.252"/>
  <testcase classname="selenium.com.testcases.ExportLogTest" name="testEndCalendar" time="23.119"/>
  <testcase classname="selenium.com.testcases.ExportLogTest" name="testFilterByDate" time="24.980"/>
  <testcase classname="selenium.com.testcases.ExportLogTest" name="checkDownloadedExcelFile" time="26.409"/>
</testsuite> <!-- selenium.com.testcases.ExportLogTest -->
